# JRE version: Java(TM) SE Runtime Environment (8.0_202-b08) (build 1.8.0_202-b08)
# Java VM: Java HotSpot(TM) 64-Bit Server VM (25.202-b08 mixed mode windows-amd64 compressed oops)
Heap:
 PSYoungGen      total 134144K, used 27857K [0x000000076ca00000, 0x0000000776880000, 0x00000007c0000000)
  eden space 123392K, 13% used [0x000000076ca00000,0x000000076dab8ed8,0x0000000774280000)
  from space 10752K, 99% used [0x0000000774280000,0x0000000774cfb780,0x0000000774d00000)
  to   space 11264K, 0% used [0x0000000775d80000,0x0000000775d80000,0x0000000776880000)
 ParOldGen       total 108544K, used 55472K [0x00000006c5e00000, 0x00000006cc800000, 0x000000076ca00000)
  object space 108544K, 51% used [0x00000006c5e00000,0x00000006c942c1d0,0x00000006cc800000)
 Metaspace       used 31936K, capacity 33184K, committed 33280K, reserved 1079296K
  class space    used 3783K, capacity 4067K, committed 4096K, reserved 1048576K
GC Heap History (10 events):
Event: 1.436 GC heap before
{Heap before GC invocations=4 (full 1):
 PSYoungGen      total 75264K, used 9421K [0x000000076ca00000, 0x0000000775d00000, 0x00000007c0000000)
  eden space 64512K, 0% used [0x000000076ca00000,0x000000076ca00000,0x0000000770900000)
  from space 10752K, 87% used [0x0000000770900000,0x00000007712337d8,0x0000000771380000)
  to   space 10752K, 0% used [0x0000000775280000,0x0000000775280000,0x0000000775d00000)
 ParOldGen       total 172032K, used 48K [0x00000006c5e00000, 0x00000006d0600000, 0x000000076ca00000)
  object space 172032K, 0% used [0x00000006c5e00000,0x00000006c5e0c000,0x00000006d0600000)
 Metaspace       used 20495K, capacity 21106K, committed 21248K, reserved 1067008K
  class space    used 2552K, capacity 2724K, committed 2816K, reserved 1048576K
Event: 1.455 GC heap after
Heap after GC invocations=4 (full 1):
 PSYoungGen      total 75264K, used 0K [0x000000076ca00000, 0x0000000775d00000, 0x00000007c0000000)
  eden space 64512K, 0% used [0x000000076ca00000,0x000000076ca00000,0x0000000770900000)
  from space 10752K, 0% used [0x0000000770900000,0x0000000770900000,0x0000000771380000)
  to   space 10752K, 0% used [0x0000000775280000,0x0000000775280000,0x0000000775d00000)
 ParOldGen       total 108544K, used 9078K [0x00000006c5e00000, 0x00000006cc800000, 0x000000076ca00000)
  object space 108544K, 8% used [0x00000006c5e00000,0x00000006c66dd988,0x00000006cc800000)
 Metaspace       used 20495K, capacity 21106K, committed 21248K, reserved 1067008K
  class space    used 2552K, capacity 2724K, committed 2816K, reserved 1048576K
}
Event: 1.916 GC heap before
{Heap before GC invocations=5 (full 1):
 PSYoungGen      total 75264K, used 64512K [0x000000076ca00000, 0x0000000775d00000, 0x00000007c0000000)
  eden space 64512K, 100% used [0x000000076ca00000,0x0000000770900000,0x0000000770900000)
  from space 10752K, 0% used [0x0000000770900000,0x0000000770900000,0x0000000771380000)
  to   space 10752K, 0% used [0x0000000775280000,0x0000000775280000,0x0000000775d00000)
 ParOldGen       total 108544K, used 9078K [0x00000006c5e00000, 0x00000006cc800000, 0x000000076ca00000)
  object space 108544K, 8% used [0x00000006c5e00000,0x00000006c66dd988,0x00000006cc800000)
 Metaspace       used 21928K, capacity 22758K, committed 22912K, reserved 1069056K
  class space    used 2632K, capacity 2840K, committed 2944K, reserved 1048576K
Event: 1.919 GC heap after
Heap after GC invocations=5 (full 1):
 PSYoungGen      total 97280K, used 4833K [0x000000076ca00000, 0x0000000775780000, 0x00000007c0000000)
  eden space 92160K, 0% used [0x000000076ca00000,0x000000076ca00000,0x0000000772400000)
  from space 5120K, 94% used [0x0000000775280000,0x0000000775738470,0x0000000775780000)
  to   space 10752K, 0% used [0x0000000774280000,0x0000000774280000,0x0000000774d00000)
 ParOldGen       total 108544K, used 9086K [0x00000006c5e00000, 0x00000006cc800000, 0x000000076ca00000)
  object space 108544K, 8% used [0x00000006c5e00000,0x00000006c66df988,0x00000006cc800000)
 Metaspace       used 21928K, capacity 22758K, committed 22912K, reserved 1069056K
  class space    used 2632K, capacity 2840K, committed 2944K, reserved 1048576K
}
Event: 2.295 GC heap before
{Heap before GC invocations=6 (full 1):
 PSYoungGen      total 97280K, used 95565K [0x000000076ca00000, 0x0000000775780000, 0x00000007c0000000)
  eden space 92160K, 98% used [0x000000076ca00000,0x000000077229b1d8,0x0000000772400000)
  from space 5120K, 94% used [0x0000000775280000,0x0000000775738470,0x0000000775780000)
  to   space 10752K, 0% used [0x0000000774280000,0x0000000774280000,0x0000000774d00000)
 ParOldGen       total 108544K, used 9086K [0x00000006c5e00000, 0x00000006cc800000, 0x000000076ca00000)
  object space 108544K, 8% used [0x00000006c5e00000,0x00000006c66df988,0x00000006cc800000)
 Metaspace       used 25190K, capacity 26222K, committed 26368K, reserved 1073152K
  class space    used 3002K, capacity 3232K, committed 3328K, reserved 1048576K
Event: 2.305 GC heap after
Heap after GC invocations=6 (full 1):
 PSYoungGen      total 134144K, used 8122K [0x000000076ca00000, 0x0000000776880000, 0x00000007c0000000)
  eden space 123392K, 0% used [0x000000076ca00000,0x000000076ca00000,0x0000000774280000)
  from space 10752K, 75% used [0x0000000774280000,0x0000000774a6eb40,0x0000000774d00000)
  to   space 11264K, 0% used [0x0000000775d80000,0x0000000775d80000,0x0000000776880000)
 ParOldGen       total 108544K, used 39814K [0x00000006c5e00000, 0x00000006cc800000, 0x000000076ca00000)
  object space 108544K, 36% used [0x00000006c5e00000,0x00000006c84e19b8,0x00000006cc800000)
 Metaspace       used 25190K, capacity 26222K, committed 26368K, reserved 1073152K
  class space    used 3002K, capacity 3232K, committed 3328K, reserved 1048576K
}
Event: 2.937 GC heap before
{Heap before GC invocations=7 (full 1):
 PSYoungGen      total 134144K, used 131514K [0x000000076ca00000, 0x0000000776880000, 0x00000007c0000000)
  eden space 123392K, 100% used [0x000000076ca00000,0x0000000774280000,0x0000000774280000)
  from space 10752K, 75% used [0x0000000774280000,0x0000000774a6eb40,0x0000000774d00000)
  to   space 11264K, 0% used [0x0000000775d80000,0x0000000775d80000,0x0000000776880000)
 ParOldGen       total 108544K, used 39814K [0x00000006c5e00000, 0x00000006cc800000, 0x000000076ca00000)
  object space 108544K, 36% used [0x00000006c5e00000,0x00000006c84e19b8,0x00000006cc800000)
 Metaspace       used 29929K, capacity 31010K, committed 31360K, reserved 1077248K
  class space    used 3560K, capacity 3848K, committed 3968K, reserved 1048576K
Event: 2.945 GC heap after
Heap after GC invocations=7 (full 1):
 PSYoungGen      total 134656K, used 11248K [0x000000076ca00000, 0x0000000776880000, 0x00000007c0000000)
  eden space 123392K, 0% used [0x000000076ca00000,0x000000076ca00000,0x0000000774280000)
  from space 11264K, 99% used [0x0000000775d80000,0x000000077687c270,0x0000000776880000)
  to   space 10752K, 0% used [0x0000000774280000,0x0000000774280000,0x0000000774d00000)
 ParOldGen       total 108544K, used 50899K [0x00000006c5e00000, 0x00000006cc800000, 0x000000076ca00000)
  object space 108544K, 46% used [0x00000006c5e00000,0x00000006c8fb4f20,0x00000006cc800000)
 Metaspace       used 29929K, capacity 31010K, committed 31360K, reserved 1077248K
  class space    used 3560K, capacity 3848K, committed 3968K, reserved 1048576K
}
Event: 3.652 GC heap before
{Heap before GC invocations=8 (full 1):
 PSYoungGen      total 134656K, used 134640K [0x000000076ca00000, 0x0000000776880000, 0x00000007c0000000)
  eden space 123392K, 100% used [0x000000076ca00000,0x0000000774280000,0x0000000774280000)
  from space 11264K, 99% used [0x0000000775d80000,0x000000077687c270,0x0000000776880000)
  to   space 10752K, 0% used [0x0000000774280000,0x0000000774280000,0x0000000774d00000)
 ParOldGen       total 108544K, used 50899K [0x00000006c5e00000, 0x00000006cc800000, 0x000000076ca00000)
  object space 108544K, 46% used [0x00000006c5e00000,0x00000006c8fb4f20,0x00000006cc800000)
 Metaspace       used 31741K, capacity 32984K, committed 33280K, reserved 1079296K
  class space    used 3757K, capacity 4055K, committed 4096K, reserved 1048576K
Event: 3.658 GC heap after
Heap after GC invocations=8 (full 1):
 PSYoungGen      total 134144K, used 10733K [0x000000076ca00000, 0x0000000776880000, 0x00000007c0000000)
  eden space 123392K, 0% used [0x000000076ca00000,0x000000076ca00000,0x0000000774280000)
  from space 10752K, 99% used [0x0000000774280000,0x0000000774cfb780,0x0000000774d00000)
  to   space 11264K, 0% used [0x0000000775d80000,0x0000000775d80000,0x0000000776880000)
 ParOldGen       total 108544K, used 55472K [0x00000006c5e00000, 0x00000006cc800000, 0x000000076ca00000)
  object space 108544K, 51% used [0x00000006c5e00000,0x00000006c942c1d0,0x00000006cc800000)
 Metaspace       used 31741K, capacity 32984K, committed 33280K, reserved 1079296K
  class space    used 3757K, capacity 4055K, committed 4096K, reserved 1048576K
}

