# JRE version: Java(TM) SE Runtime Environment (8.0_202-b08) (build 1.8.0_202-b08)
# Java VM: Java HotSpot(TM) 64-Bit Server VM (25.202-b08 mixed mode windows-amd64 compressed oops)
Heap:
 PSYoungGen      total 134144K, used 74642K [0x000000076ca00000, 0x0000000779900000, 0x00000007c0000000)
  eden space 123392K, 51% used [0x000000076ca00000,0x000000077086ca80,0x0000000774280000)
  from space 10752K, 99% used [0x0000000774280000,0x0000000774cf8010,0x0000000774d00000)
  to   space 37376K, 0% used [0x0000000777480000,0x0000000777480000,0x0000000779900000)
 ParOldGen       total 111616K, used 44568K [0x00000006c5e00000, 0x00000006ccb00000, 0x000000076ca00000)
  object space 111616K, 39% used [0x00000006c5e00000,0x00000006c8986348,0x00000006ccb00000)
 Metaspace       used 25184K, capacity 26214K, committed 26368K, reserved 1073152K
  class space    used 3001K, capacity 3232K, committed 3328K, reserved 1048576K
GC Heap History (10 events):
Event: 0.853 GC heap before
{Heap before GC invocations=2 (full 0):
 PSYoungGen      total 75264K, used 72538K [0x000000076ca00000, 0x0000000771e00000, 0x00000007c0000000)
  eden space 64512K, 100% used [0x000000076ca00000,0x0000000770900000,0x0000000770900000)
  from space 10752K, 74% used [0x0000000770900000,0x00000007710d6958,0x0000000771380000)
  to   space 10752K, 0% used [0x0000000771380000,0x0000000771380000,0x0000000771e00000)
 ParOldGen       total 172032K, used 24K [0x00000006c5e00000, 0x00000006d0600000, 0x000000076ca00000)
  object space 172032K, 0% used [0x00000006c5e00000,0x00000006c5e06000,0x00000006d0600000)
 Metaspace       used 17651K, capacity 18074K, committed 18304K, reserved 1064960K
  class space    used 2218K, capacity 2373K, committed 2432K, reserved 1048576K
Event: 0.859 GC heap after
Heap after GC invocations=2 (full 0):
 PSYoungGen      total 75264K, used 10653K [0x000000076ca00000, 0x0000000775d00000, 0x00000007c0000000)
  eden space 64512K, 0% used [0x000000076ca00000,0x000000076ca00000,0x0000000770900000)
  from space 10752K, 99% used [0x0000000771380000,0x0000000771de77e0,0x0000000771e00000)
  to   space 10752K, 0% used [0x0000000770900000,0x0000000770900000,0x0000000771380000)
 ParOldGen       total 172032K, used 40K [0x00000006c5e00000, 0x00000006d0600000, 0x000000076ca00000)
  object space 172032K, 0% used [0x00000006c5e00000,0x00000006c5e0a000,0x00000006d0600000)
 Metaspace       used 17651K, capacity 18074K, committed 18304K, reserved 1064960K
  class space    used 2218K, capacity 2373K, committed 2432K, reserved 1048576K
}
Event: 1.139 GC heap before
{Heap before GC invocations=3 (full 0):
 PSYoungGen      total 75264K, used 45520K [0x000000076ca00000, 0x0000000775d00000, 0x00000007c0000000)
  eden space 64512K, 54% used [0x000000076ca00000,0x000000076ec0cb38,0x0000000770900000)
  from space 10752K, 99% used [0x0000000771380000,0x0000000771de77e0,0x0000000771e00000)
  to   space 10752K, 0% used [0x0000000770900000,0x0000000770900000,0x0000000771380000)
 ParOldGen       total 172032K, used 40K [0x00000006c5e00000, 0x00000006d0600000, 0x000000076ca00000)
  object space 172032K, 0% used [0x00000006c5e00000,0x00000006c5e0a000,0x00000006d0600000)
 Metaspace       used 20494K, capacity 21106K, committed 21248K, reserved 1067008K
  class space    used 2552K, capacity 2724K, committed 2816K, reserved 1048576K
Event: 1.144 GC heap after
Heap after GC invocations=3 (full 0):
 PSYoungGen      total 75264K, used 9401K [0x000000076ca00000, 0x0000000775d00000, 0x00000007c0000000)
  eden space 64512K, 0% used [0x000000076ca00000,0x000000076ca00000,0x0000000770900000)
  from space 10752K, 87% used [0x0000000770900000,0x000000077122e660,0x0000000771380000)
  to   space 10752K, 0% used [0x0000000775280000,0x0000000775280000,0x0000000775d00000)
 ParOldGen       total 172032K, used 48K [0x00000006c5e00000, 0x00000006d0600000, 0x000000076ca00000)
  object space 172032K, 0% used [0x00000006c5e00000,0x00000006c5e0c000,0x00000006d0600000)
 Metaspace       used 20494K, capacity 21106K, committed 21248K, reserved 1067008K
  class space    used 2552K, capacity 2724K, committed 2816K, reserved 1048576K
}
Event: 1.144 GC heap before
{Heap before GC invocations=4 (full 1):
 PSYoungGen      total 75264K, used 9401K [0x000000076ca00000, 0x0000000775d00000, 0x00000007c0000000)
  eden space 64512K, 0% used [0x000000076ca00000,0x000000076ca00000,0x0000000770900000)
  from space 10752K, 87% used [0x0000000770900000,0x000000077122e660,0x0000000771380000)
  to   space 10752K, 0% used [0x0000000775280000,0x0000000775280000,0x0000000775d00000)
 ParOldGen       total 172032K, used 48K [0x00000006c5e00000, 0x00000006d0600000, 0x000000076ca00000)
  object space 172032K, 0% used [0x00000006c5e00000,0x00000006c5e0c000,0x00000006d0600000)
 Metaspace       used 20494K, capacity 21106K, committed 21248K, reserved 1067008K
  class space    used 2552K, capacity 2724K, committed 2816K, reserved 1048576K
Event: 1.163 GC heap after
Heap after GC invocations=4 (full 1):
 PSYoungGen      total 75264K, used 0K [0x000000076ca00000, 0x0000000775d00000, 0x00000007c0000000)
  eden space 64512K, 0% used [0x000000076ca00000,0x000000076ca00000,0x0000000770900000)
  from space 10752K, 0% used [0x0000000770900000,0x0000000770900000,0x0000000771380000)
  to   space 10752K, 0% used [0x0000000775280000,0x0000000775280000,0x0000000775d00000)
 ParOldGen       total 111616K, used 9025K [0x00000006c5e00000, 0x00000006ccb00000, 0x000000076ca00000)
  object space 111616K, 8% used [0x00000006c5e00000,0x00000006c66d0428,0x00000006ccb00000)
 Metaspace       used 20494K, capacity 21106K, committed 21248K, reserved 1067008K
  class space    used 2552K, capacity 2724K, committed 2816K, reserved 1048576K
}
Event: 1.500 GC heap before
{Heap before GC invocations=5 (full 1):
 PSYoungGen      total 75264K, used 64512K [0x000000076ca00000, 0x0000000775d00000, 0x00000007c0000000)
  eden space 64512K, 100% used [0x000000076ca00000,0x0000000770900000,0x0000000770900000)
  from space 10752K, 0% used [0x0000000770900000,0x0000000770900000,0x0000000771380000)
  to   space 10752K, 0% used [0x0000000775280000,0x0000000775280000,0x0000000775d00000)
 ParOldGen       total 111616K, used 9025K [0x00000006c5e00000, 0x00000006ccb00000, 0x000000076ca00000)
  object space 111616K, 8% used [0x00000006c5e00000,0x00000006c66d0428,0x00000006ccb00000)
 Metaspace       used 21915K, capacity 22758K, committed 22912K, reserved 1069056K
  class space    used 2631K, capacity 2840K, committed 2944K, reserved 1048576K
Event: 1.502 GC heap after
Heap after GC invocations=5 (full 1):
 PSYoungGen      total 94720K, used 4897K [0x000000076ca00000, 0x0000000775780000, 0x00000007c0000000)
  eden space 89600K, 0% used [0x000000076ca00000,0x000000076ca00000,0x0000000772180000)
  from space 5120K, 95% used [0x0000000775280000,0x0000000775748470,0x0000000775780000)
  to   space 10752K, 0% used [0x0000000774280000,0x0000000774280000,0x0000000774d00000)
 ParOldGen       total 111616K, used 9033K [0x00000006c5e00000, 0x00000006ccb00000, 0x000000076ca00000)
  object space 111616K, 8% used [0x00000006c5e00000,0x00000006c66d2428,0x00000006ccb00000)
 Metaspace       used 21915K, capacity 22758K, committed 22912K, reserved 1069056K
  class space    used 2631K, capacity 2840K, committed 2944K, reserved 1048576K
}
Event: 1.835 GC heap before
{Heap before GC invocations=6 (full 1):
 PSYoungGen      total 94720K, used 94497K [0x000000076ca00000, 0x0000000775780000, 0x00000007c0000000)
  eden space 89600K, 100% used [0x000000076ca00000,0x0000000772180000,0x0000000772180000)
  from space 5120K, 95% used [0x0000000775280000,0x0000000775748470,0x0000000775780000)
  to   space 10752K, 0% used [0x0000000774280000,0x0000000774280000,0x0000000774d00000)
 ParOldGen       total 111616K, used 9033K [0x00000006c5e00000, 0x00000006ccb00000, 0x000000076ca00000)
  object space 111616K, 8% used [0x00000006c5e00000,0x00000006c66d2428,0x00000006ccb00000)
 Metaspace       used 25167K, capacity 26214K, committed 26368K, reserved 1073152K
  class space    used 3000K, capacity 3232K, committed 3328K, reserved 1048576K
Event: 1.850 GC heap after
Heap after GC invocations=6 (full 1):
 PSYoungGen      total 134144K, used 10720K [0x000000076ca00000, 0x0000000779900000, 0x00000007c0000000)
  eden space 123392K, 0% used [0x000000076ca00000,0x000000076ca00000,0x0000000774280000)
  from space 10752K, 99% used [0x0000000774280000,0x0000000774cf8010,0x0000000774d00000)
  to   space 37376K, 0% used [0x0000000777480000,0x0000000777480000,0x0000000779900000)
 ParOldGen       total 111616K, used 44568K [0x00000006c5e00000, 0x00000006ccb00000, 0x000000076ca00000)
  object space 111616K, 39% used [0x00000006c5e00000,0x00000006c8986348,0x00000006ccb00000)
 Metaspace       used 25167K, capacity 26214K, committed 26368K, reserved 1073152K
  class space    used 3000K, capacity 3232K, committed 3328K, reserved 1048576K
}

