# JRE version: Java(TM) SE Runtime Environment (8.0_202-b08) (build 1.8.0_202-b08)
# Java VM: Java HotSpot(TM) 64-Bit Server VM (25.202-b08 mixed mode windows-amd64 compressed oops)
Heap:
 PSYoungGen      total 94720K, used 49813K [0x000000076ca00000, 0x0000000775780000, 0x00000007c0000000)
  eden space 89600K, 50% used [0x000000076ca00000,0x000000076f612458,0x0000000772180000)
  from space 5120K, 91% used [0x0000000775280000,0x0000000775713328,0x0000000775780000)
  to   space 10752K, 0% used [0x0000000774280000,0x0000000774280000,0x0000000774d00000)
 ParOldGen       total 111104K, used 9031K [0x00000006c5e00000, 0x00000006cca80000, 0x000000076ca00000)
  object space 111104K, 8% used [0x00000006c5e00000,0x00000006c66d1fe8,0x00000006cca80000)
 Metaspace       used 24096K, capacity 25038K, committed 25216K, reserved 1071104K
  class space    used 2897K, capacity 3118K, committed 3200K, reserved 1048576K
GC Heap History (10 events):
Event: 0.471 GC heap before
{Heap before GC invocations=1 (full 0):
 PSYoungGen      total 75264K, used 64512K [0x000000076ca00000, 0x0000000771e00000, 0x00000007c0000000)
  eden space 64512K, 100% used [0x000000076ca00000,0x0000000770900000,0x0000000770900000)
  from space 10752K, 0% used [0x0000000771380000,0x0000000771380000,0x0000000771e00000)
  to   space 10752K, 0% used [0x0000000770900000,0x0000000770900000,0x0000000771380000)
 ParOldGen       total 172032K, used 0K [0x00000006c5e00000, 0x00000006d0600000, 0x000000076ca00000)
  object space 172032K, 0% used [0x00000006c5e00000,0x00000006c5e00000,0x00000006d0600000)
 Metaspace       used 11577K, capacity 11906K, committed 12032K, reserved 1060864K
  class space    used 1416K, capacity 1533K, committed 1536K, reserved 1048576K
Event: 0.475 GC heap after
Heap after GC invocations=1 (full 0):
 PSYoungGen      total 75264K, used 8015K [0x000000076ca00000, 0x0000000771e00000, 0x00000007c0000000)
  eden space 64512K, 0% used [0x000000076ca00000,0x000000076ca00000,0x0000000770900000)
  from space 10752K, 74% used [0x0000000770900000,0x00000007710d3dc8,0x0000000771380000)
  to   space 10752K, 0% used [0x0000000771380000,0x0000000771380000,0x0000000771e00000)
 ParOldGen       total 172032K, used 16K [0x00000006c5e00000, 0x00000006d0600000, 0x000000076ca00000)
  object space 172032K, 0% used [0x00000006c5e00000,0x00000006c5e04000,0x00000006d0600000)
 Metaspace       used 11577K, capacity 11906K, committed 12032K, reserved 1060864K
  class space    used 1416K, capacity 1533K, committed 1536K, reserved 1048576K
}
Event: 0.883 GC heap before
{Heap before GC invocations=2 (full 0):
 PSYoungGen      total 75264K, used 72527K [0x000000076ca00000, 0x0000000771e00000, 0x00000007c0000000)
  eden space 64512K, 100% used [0x000000076ca00000,0x0000000770900000,0x0000000770900000)
  from space 10752K, 74% used [0x0000000770900000,0x00000007710d3dc8,0x0000000771380000)
  to   space 10752K, 0% used [0x0000000771380000,0x0000000771380000,0x0000000771e00000)
 ParOldGen       total 172032K, used 16K [0x00000006c5e00000, 0x00000006d0600000, 0x000000076ca00000)
  object space 172032K, 0% used [0x00000006c5e00000,0x00000006c5e04000,0x00000006d0600000)
 Metaspace       used 17679K, capacity 18074K, committed 18304K, reserved 1064960K
  class space    used 2221K, capacity 2373K, committed 2432K, reserved 1048576K
Event: 0.889 GC heap after
Heap after GC invocations=2 (full 0):
 PSYoungGen      total 75264K, used 10508K [0x000000076ca00000, 0x0000000775d00000, 0x00000007c0000000)
  eden space 64512K, 0% used [0x000000076ca00000,0x000000076ca00000,0x0000000770900000)
  from space 10752K, 97% used [0x0000000771380000,0x0000000771dc3008,0x0000000771e00000)
  to   space 10752K, 0% used [0x0000000770900000,0x0000000770900000,0x0000000771380000)
 ParOldGen       total 172032K, used 32K [0x00000006c5e00000, 0x00000006d0600000, 0x000000076ca00000)
  object space 172032K, 0% used [0x00000006c5e00000,0x00000006c5e08000,0x00000006d0600000)
 Metaspace       used 17679K, capacity 18074K, committed 18304K, reserved 1064960K
  class space    used 2221K, capacity 2373K, committed 2432K, reserved 1048576K
}
Event: 1.185 GC heap before
{Heap before GC invocations=3 (full 0):
 PSYoungGen      total 75264K, used 45523K [0x000000076ca00000, 0x0000000775d00000, 0x00000007c0000000)
  eden space 64512K, 54% used [0x000000076ca00000,0x000000076ec31df0,0x0000000770900000)
  from space 10752K, 97% used [0x0000000771380000,0x0000000771dc3008,0x0000000771e00000)
  to   space 10752K, 0% used [0x0000000770900000,0x0000000770900000,0x0000000771380000)
 ParOldGen       total 172032K, used 32K [0x00000006c5e00000, 0x00000006d0600000, 0x000000076ca00000)
  object space 172032K, 0% used [0x00000006c5e00000,0x00000006c5e08000,0x00000006d0600000)
 Metaspace       used 20493K, capacity 21106K, committed 21248K, reserved 1067008K
  class space    used 2552K, capacity 2724K, committed 2816K, reserved 1048576K
Event: 1.191 GC heap after
Heap after GC invocations=3 (full 0):
 PSYoungGen      total 75264K, used 9463K [0x000000076ca00000, 0x0000000775d00000, 0x00000007c0000000)
  eden space 64512K, 0% used [0x000000076ca00000,0x000000076ca00000,0x0000000770900000)
  from space 10752K, 88% used [0x0000000770900000,0x000000077123dd40,0x0000000771380000)
  to   space 10752K, 0% used [0x0000000775280000,0x0000000775280000,0x0000000775d00000)
 ParOldGen       total 172032K, used 40K [0x00000006c5e00000, 0x00000006d0600000, 0x000000076ca00000)
  object space 172032K, 0% used [0x00000006c5e00000,0x00000006c5e0a000,0x00000006d0600000)
 Metaspace       used 20493K, capacity 21106K, committed 21248K, reserved 1067008K
  class space    used 2552K, capacity 2724K, committed 2816K, reserved 1048576K
}
Event: 1.191 GC heap before
{Heap before GC invocations=4 (full 1):
 PSYoungGen      total 75264K, used 9463K [0x000000076ca00000, 0x0000000775d00000, 0x00000007c0000000)
  eden space 64512K, 0% used [0x000000076ca00000,0x000000076ca00000,0x0000000770900000)
  from space 10752K, 88% used [0x0000000770900000,0x000000077123dd40,0x0000000771380000)
  to   space 10752K, 0% used [0x0000000775280000,0x0000000775280000,0x0000000775d00000)
 ParOldGen       total 172032K, used 40K [0x00000006c5e00000, 0x00000006d0600000, 0x000000076ca00000)
  object space 172032K, 0% used [0x00000006c5e00000,0x00000006c5e0a000,0x00000006d0600000)
 Metaspace       used 20493K, capacity 21106K, committed 21248K, reserved 1067008K
  class space    used 2552K, capacity 2724K, committed 2816K, reserved 1048576K
Event: 1.212 GC heap after
Heap after GC invocations=4 (full 1):
 PSYoungGen      total 75264K, used 0K [0x000000076ca00000, 0x0000000775d00000, 0x00000007c0000000)
  eden space 64512K, 0% used [0x000000076ca00000,0x000000076ca00000,0x0000000770900000)
  from space 10752K, 0% used [0x0000000770900000,0x0000000770900000,0x0000000771380000)
  to   space 10752K, 0% used [0x0000000775280000,0x0000000775280000,0x0000000775d00000)
 ParOldGen       total 111104K, used 9023K [0x00000006c5e00000, 0x00000006cca80000, 0x000000076ca00000)
  object space 111104K, 8% used [0x00000006c5e00000,0x00000006c66cffe8,0x00000006cca80000)
 Metaspace       used 20493K, capacity 21106K, committed 21248K, reserved 1067008K
  class space    used 2552K, capacity 2724K, committed 2816K, reserved 1048576K
}
Event: 1.583 GC heap before
{Heap before GC invocations=5 (full 1):
 PSYoungGen      total 75264K, used 64512K [0x000000076ca00000, 0x0000000775d00000, 0x00000007c0000000)
  eden space 64512K, 100% used [0x000000076ca00000,0x0000000770900000,0x0000000770900000)
  from space 10752K, 0% used [0x0000000770900000,0x0000000770900000,0x0000000771380000)
  to   space 10752K, 0% used [0x0000000775280000,0x0000000775280000,0x0000000775d00000)
 ParOldGen       total 111104K, used 9023K [0x00000006c5e00000, 0x00000006cca80000, 0x000000076ca00000)
  object space 111104K, 8% used [0x00000006c5e00000,0x00000006c66cffe8,0x00000006cca80000)
 Metaspace       used 21917K, capacity 22758K, committed 22912K, reserved 1069056K
  class space    used 2631K, capacity 2840K, committed 2944K, reserved 1048576K
Event: 1.586 GC heap after
Heap after GC invocations=5 (full 1):
 PSYoungGen      total 94720K, used 4684K [0x000000076ca00000, 0x0000000775780000, 0x00000007c0000000)
  eden space 89600K, 0% used [0x000000076ca00000,0x000000076ca00000,0x0000000772180000)
  from space 5120K, 91% used [0x0000000775280000,0x0000000775713328,0x0000000775780000)
  to   space 10752K, 0% used [0x0000000774280000,0x0000000774280000,0x0000000774d00000)
 ParOldGen       total 111104K, used 9031K [0x00000006c5e00000, 0x00000006cca80000, 0x000000076ca00000)
  object space 111104K, 8% used [0x00000006c5e00000,0x00000006c66d1fe8,0x00000006cca80000)
 Metaspace       used 21917K, capacity 22758K, committed 22912K, reserved 1069056K
  class space    used 2631K, capacity 2840K, committed 2944K, reserved 1048576K
}

