# JRE version: Java(TM) SE Runtime Environment (8.0_202-b08) (build 1.8.0_202-b08)
# Java VM: Java HotSpot(TM) 64-Bit Server VM (25.202-b08 mixed mode windows-amd64 compressed oops)
Heap:
 PSYoungGen      total 132096K, used 132079K [0x000000076ca00000, 0x0000000779c80000, 0x00000007c0000000)
  eden space 120832K, 100% used [0x000000076ca00000,0x0000000774000000,0x0000000774000000)
  from space 11264K, 99% used [0x0000000775180000,0x0000000775c7bc50,0x0000000775c80000)
  to   space 17920K, 50% used [0x0000000774000000,0x00000007748d9d10,0x0000000775180000)
 ParOldGen       total 115200K, used 48749K [0x00000006c5e00000, 0x00000006cce80000, 0x000000076ca00000)
  object space 115200K, 42% used [0x00000006c5e00000,0x00000006c8d9b6d0,0x00000006cce80000)
 Metaspace       used 31700K, capacity 32916K, committed 33024K, reserved 1079296K
  class space    used 3756K, capacity 4055K, committed 4096K, reserved 1048576K
GC Heap History (10 events):
Event: 1.187 GC heap before
{Heap before GC invocations=3 (full 0):
 PSYoungGen      total 75264K, used 45627K [0x000000076ca00000, 0x0000000771e00000, 0x00000007c0000000)
  eden space 64512K, 54% used [0x000000076ca00000,0x000000076ec2e580,0x0000000770900000)
  from space 10752K, 98% used [0x0000000771380000,0x0000000771de08f0,0x0000000771e00000)
  to   space 10752K, 0% used [0x0000000770900000,0x0000000770900000,0x0000000771380000)
 ParOldGen       total 172032K, used 32K [0x00000006c5e00000, 0x00000006d0600000, 0x000000076ca00000)
  object space 172032K, 0% used [0x00000006c5e00000,0x00000006c5e08000,0x00000006d0600000)
 Metaspace       used 20492K, capacity 21106K, committed 21248K, reserved 1067008K
  class space    used 2552K, capacity 2724K, committed 2816K, reserved 1048576K
Event: 1.192 GC heap after
Heap after GC invocations=3 (full 0):
 PSYoungGen      total 75264K, used 9434K [0x000000076ca00000, 0x0000000775d00000, 0x00000007c0000000)
  eden space 64512K, 0% used [0x000000076ca00000,0x000000076ca00000,0x0000000770900000)
  from space 10752K, 87% used [0x0000000770900000,0x0000000771236b58,0x0000000771380000)
  to   space 10752K, 0% used [0x0000000775280000,0x0000000775280000,0x0000000775d00000)
 ParOldGen       total 172032K, used 40K [0x00000006c5e00000, 0x00000006d0600000, 0x000000076ca00000)
  object space 172032K, 0% used [0x00000006c5e00000,0x00000006c5e0a000,0x00000006d0600000)
 Metaspace       used 20492K, capacity 21106K, committed 21248K, reserved 1067008K
  class space    used 2552K, capacity 2724K, committed 2816K, reserved 1048576K
}
Event: 1.192 GC heap before
{Heap before GC invocations=4 (full 1):
 PSYoungGen      total 75264K, used 9434K [0x000000076ca00000, 0x0000000775d00000, 0x00000007c0000000)
  eden space 64512K, 0% used [0x000000076ca00000,0x000000076ca00000,0x0000000770900000)
  from space 10752K, 87% used [0x0000000770900000,0x0000000771236b58,0x0000000771380000)
  to   space 10752K, 0% used [0x0000000775280000,0x0000000775280000,0x0000000775d00000)
 ParOldGen       total 172032K, used 40K [0x00000006c5e00000, 0x00000006d0600000, 0x000000076ca00000)
  object space 172032K, 0% used [0x00000006c5e00000,0x00000006c5e0a000,0x00000006d0600000)
 Metaspace       used 20492K, capacity 21106K, committed 21248K, reserved 1067008K
  class space    used 2552K, capacity 2724K, committed 2816K, reserved 1048576K
Event: 1.215 GC heap after
Heap after GC invocations=4 (full 1):
 PSYoungGen      total 75264K, used 0K [0x000000076ca00000, 0x0000000775d00000, 0x00000007c0000000)
  eden space 64512K, 0% used [0x000000076ca00000,0x000000076ca00000,0x0000000770900000)
  from space 10752K, 0% used [0x0000000770900000,0x0000000770900000,0x0000000771380000)
  to   space 10752K, 0% used [0x0000000775280000,0x0000000775280000,0x0000000775d00000)
 ParOldGen       total 115200K, used 9003K [0x00000006c5e00000, 0x00000006cce80000, 0x000000076ca00000)
  object space 115200K, 7% used [0x00000006c5e00000,0x00000006c66cadd8,0x00000006cce80000)
 Metaspace       used 20492K, capacity 21106K, committed 21248K, reserved 1067008K
  class space    used 2552K, capacity 2724K, committed 2816K, reserved 1048576K
}
Event: 1.567 GC heap before
{Heap before GC invocations=5 (full 1):
 PSYoungGen      total 75264K, used 64512K [0x000000076ca00000, 0x0000000775d00000, 0x00000007c0000000)
  eden space 64512K, 100% used [0x000000076ca00000,0x0000000770900000,0x0000000770900000)
  from space 10752K, 0% used [0x0000000770900000,0x0000000770900000,0x0000000771380000)
  to   space 10752K, 0% used [0x0000000775280000,0x0000000775280000,0x0000000775d00000)
 ParOldGen       total 115200K, used 9003K [0x00000006c5e00000, 0x00000006cce80000, 0x000000076ca00000)
  object space 115200K, 7% used [0x00000006c5e00000,0x00000006c66cadd8,0x00000006cce80000)
 Metaspace       used 21917K, capacity 22758K, committed 22912K, reserved 1069056K
  class space    used 2631K, capacity 2840K, committed 2944K, reserved 1048576K
Event: 1.570 GC heap after
Heap after GC invocations=5 (full 1):
 PSYoungGen      total 91648K, used 4790K [0x000000076ca00000, 0x0000000775780000, 0x00000007c0000000)
  eden space 86528K, 0% used [0x000000076ca00000,0x000000076ca00000,0x0000000771e80000)
  from space 5120K, 93% used [0x0000000775280000,0x000000077572d840,0x0000000775780000)
  to   space 10752K, 0% used [0x0000000774280000,0x0000000774280000,0x0000000774d00000)
 ParOldGen       total 115200K, used 9011K [0x00000006c5e00000, 0x00000006cce80000, 0x000000076ca00000)
  object space 115200K, 7% used [0x00000006c5e00000,0x00000006c66ccdd8,0x00000006cce80000)
 Metaspace       used 21917K, capacity 22758K, committed 22912K, reserved 1069056K
  class space    used 2631K, capacity 2840K, committed 2944K, reserved 1048576K
}
Event: 1.925 GC heap before
{Heap before GC invocations=6 (full 1):
 PSYoungGen      total 91648K, used 86783K [0x000000076ca00000, 0x0000000775780000, 0x00000007c0000000)
  eden space 86528K, 94% used [0x000000076ca00000,0x0000000771a12500,0x0000000771e80000)
  from space 5120K, 93% used [0x0000000775280000,0x000000077572d840,0x0000000775780000)
  to   space 10752K, 0% used [0x0000000774280000,0x0000000774280000,0x0000000774d00000)
 ParOldGen       total 115200K, used 9011K [0x00000006c5e00000, 0x00000006cce80000, 0x000000076ca00000)
  object space 115200K, 7% used [0x00000006c5e00000,0x00000006c66ccdd8,0x00000006cce80000)
 Metaspace       used 25136K, capacity 26090K, committed 26368K, reserved 1073152K
  class space    used 3000K, capacity 3232K, committed 3328K, reserved 1048576K
Event: 1.939 GC heap after
Heap after GC invocations=6 (full 1):
 PSYoungGen      total 134144K, used 8027K [0x000000076ca00000, 0x0000000775c80000, 0x00000007c0000000)
  eden space 123392K, 0% used [0x000000076ca00000,0x000000076ca00000,0x0000000774280000)
  from space 10752K, 74% used [0x0000000774280000,0x0000000774a56ec0,0x0000000774d00000)
  to   space 11264K, 0% used [0x0000000775180000,0x0000000775180000,0x0000000775c80000)
 ParOldGen       total 115200K, used 39739K [0x00000006c5e00000, 0x00000006cce80000, 0x000000076ca00000)
  object space 115200K, 34% used [0x00000006c5e00000,0x00000006c84cee08,0x00000006cce80000)
 Metaspace       used 25136K, capacity 26090K, committed 26368K, reserved 1073152K
  class space    used 3000K, capacity 3232K, committed 3328K, reserved 1048576K
}
Event: 2.391 GC heap before
{Heap before GC invocations=7 (full 1):
 PSYoungGen      total 134144K, used 131419K [0x000000076ca00000, 0x0000000775c80000, 0x00000007c0000000)
  eden space 123392K, 100% used [0x000000076ca00000,0x0000000774280000,0x0000000774280000)
  from space 10752K, 74% used [0x0000000774280000,0x0000000774a56ec0,0x0000000774d00000)
  to   space 11264K, 0% used [0x0000000775180000,0x0000000775180000,0x0000000775c80000)
 ParOldGen       total 115200K, used 39739K [0x00000006c5e00000, 0x00000006cce80000, 0x000000076ca00000)
  object space 115200K, 34% used [0x00000006c5e00000,0x00000006c84cee08,0x00000006cce80000)
 Metaspace       used 29653K, capacity 30814K, committed 31104K, reserved 1077248K
  class space    used 3554K, capacity 3848K, committed 3968K, reserved 1048576K
Event: 2.397 GC heap after
Heap after GC invocations=7 (full 1):
 PSYoungGen      total 132096K, used 11247K [0x000000076ca00000, 0x0000000779c80000, 0x00000007c0000000)
  eden space 120832K, 0% used [0x000000076ca00000,0x000000076ca00000,0x0000000774000000)
  from space 11264K, 99% used [0x0000000775180000,0x0000000775c7bc50,0x0000000775c80000)
  to   space 17920K, 0% used [0x0000000774000000,0x0000000774000000,0x0000000775180000)
 ParOldGen       total 115200K, used 48749K [0x00000006c5e00000, 0x00000006cce80000, 0x000000076ca00000)
  object space 115200K, 42% used [0x00000006c5e00000,0x00000006c8d9b6d0,0x00000006cce80000)
 Metaspace       used 29653K, capacity 30814K, committed 31104K, reserved 1077248K
  class space    used 3554K, capacity 3848K, committed 3968K, reserved 1048576K
}

