# JRE version: Java(TM) SE Runtime Environment (8.0_202-b08) (build 1.8.0_202-b08)
# Java VM: Java HotSpot(TM) 64-Bit Server VM (25.202-b08 mixed mode windows-amd64 compressed oops)
Heap:
 PSYoungGen      total 93696K, used 50141K [0x000000076ca00000, 0x0000000775780000, 0x00000007c0000000)
  eden space 88576K, 51% used [0x000000076ca00000,0x000000076f667168,0x0000000772080000)
  from space 5120K, 91% used [0x0000000775280000,0x0000000775710470,0x0000000775780000)
  to   space 10752K, 0% used [0x0000000774280000,0x0000000774280000,0x0000000774d00000)
 ParOldGen       total 112128K, used 9027K [0x00000006c5e00000, 0x00000006ccb80000, 0x000000076ca00000)
  object space 112128K, 8% used [0x00000006c5e00000,0x00000006c66d0c58,0x00000006ccb80000)
 Metaspace       used 24342K, capacity 25294K, committed 25472K, reserved 1071104K
  class space    used 2921K, capacity 3118K, committed 3200K, reserved 1048576K
GC Heap History (10 events):
Event: 0.595 GC heap before
{Heap before GC invocations=1 (full 0):
 PSYoungGen      total 75264K, used 64512K [0x000000076ca00000, 0x0000000771e00000, 0x00000007c0000000)
  eden space 64512K, 100% used [0x000000076ca00000,0x0000000770900000,0x0000000770900000)
  from space 10752K, 0% used [0x0000000771380000,0x0000000771380000,0x0000000771e00000)
  to   space 10752K, 0% used [0x0000000770900000,0x0000000770900000,0x0000000771380000)
 ParOldGen       total 172032K, used 0K [0x00000006c5e00000, 0x00000006d0600000, 0x000000076ca00000)
  object space 172032K, 0% used [0x00000006c5e00000,0x00000006c5e00000,0x00000006d0600000)
 Metaspace       used 11571K, capacity 11906K, committed 12032K, reserved 1060864K
  class space    used 1415K, capacity 1533K, committed 1536K, reserved 1048576K
Event: 0.600 GC heap after
Heap after GC invocations=1 (full 0):
 PSYoungGen      total 75264K, used 8099K [0x000000076ca00000, 0x0000000771e00000, 0x00000007c0000000)
  eden space 64512K, 0% used [0x000000076ca00000,0x000000076ca00000,0x0000000770900000)
  from space 10752K, 75% used [0x0000000770900000,0x00000007710e8cf8,0x0000000771380000)
  to   space 10752K, 0% used [0x0000000771380000,0x0000000771380000,0x0000000771e00000)
 ParOldGen       total 172032K, used 16K [0x00000006c5e00000, 0x00000006d0600000, 0x000000076ca00000)
  object space 172032K, 0% used [0x00000006c5e00000,0x00000006c5e04000,0x00000006d0600000)
 Metaspace       used 11571K, capacity 11906K, committed 12032K, reserved 1060864K
  class space    used 1415K, capacity 1533K, committed 1536K, reserved 1048576K
}
Event: 1.119 GC heap before
{Heap before GC invocations=2 (full 0):
 PSYoungGen      total 75264K, used 72611K [0x000000076ca00000, 0x0000000771e00000, 0x00000007c0000000)
  eden space 64512K, 100% used [0x000000076ca00000,0x0000000770900000,0x0000000770900000)
  from space 10752K, 75% used [0x0000000770900000,0x00000007710e8cf8,0x0000000771380000)
  to   space 10752K, 0% used [0x0000000771380000,0x0000000771380000,0x0000000771e00000)
 ParOldGen       total 172032K, used 16K [0x00000006c5e00000, 0x00000006d0600000, 0x000000076ca00000)
  object space 172032K, 0% used [0x00000006c5e00000,0x00000006c5e04000,0x00000006d0600000)
 Metaspace       used 17591K, capacity 18010K, committed 18304K, reserved 1064960K
  class space    used 2215K, capacity 2373K, committed 2432K, reserved 1048576K
Event: 1.125 GC heap after
Heap after GC invocations=2 (full 0):
 PSYoungGen      total 75264K, used 10525K [0x000000076ca00000, 0x0000000771e00000, 0x00000007c0000000)
  eden space 64512K, 0% used [0x000000076ca00000,0x000000076ca00000,0x0000000770900000)
  from space 10752K, 97% used [0x0000000771380000,0x0000000771dc7528,0x0000000771e00000)
  to   space 10752K, 0% used [0x0000000770900000,0x0000000770900000,0x0000000771380000)
 ParOldGen       total 172032K, used 32K [0x00000006c5e00000, 0x00000006d0600000, 0x000000076ca00000)
  object space 172032K, 0% used [0x00000006c5e00000,0x00000006c5e08000,0x00000006d0600000)
 Metaspace       used 17591K, capacity 18010K, committed 18304K, reserved 1064960K
  class space    used 2215K, capacity 2373K, committed 2432K, reserved 1048576K
}
Event: 1.481 GC heap before
{Heap before GC invocations=3 (full 0):
 PSYoungGen      total 75264K, used 45824K [0x000000076ca00000, 0x0000000771e00000, 0x00000007c0000000)
  eden space 64512K, 54% used [0x000000076ca00000,0x000000076ec78e98,0x0000000770900000)
  from space 10752K, 97% used [0x0000000771380000,0x0000000771dc7528,0x0000000771e00000)
  to   space 10752K, 0% used [0x0000000770900000,0x0000000770900000,0x0000000771380000)
 ParOldGen       total 172032K, used 32K [0x00000006c5e00000, 0x00000006d0600000, 0x000000076ca00000)
  object space 172032K, 0% used [0x00000006c5e00000,0x00000006c5e08000,0x00000006d0600000)
 Metaspace       used 20494K, capacity 21106K, committed 21248K, reserved 1067008K
  class space    used 2553K, capacity 2724K, committed 2816K, reserved 1048576K
Event: 1.487 GC heap after
Heap after GC invocations=3 (full 0):
 PSYoungGen      total 75264K, used 9366K [0x000000076ca00000, 0x0000000775d00000, 0x00000007c0000000)
  eden space 64512K, 0% used [0x000000076ca00000,0x000000076ca00000,0x0000000770900000)
  from space 10752K, 87% used [0x0000000770900000,0x0000000771225a68,0x0000000771380000)
  to   space 10752K, 0% used [0x0000000775280000,0x0000000775280000,0x0000000775d00000)
 ParOldGen       total 172032K, used 40K [0x00000006c5e00000, 0x00000006d0600000, 0x000000076ca00000)
  object space 172032K, 0% used [0x00000006c5e00000,0x00000006c5e0a000,0x00000006d0600000)
 Metaspace       used 20494K, capacity 21106K, committed 21248K, reserved 1067008K
  class space    used 2553K, capacity 2724K, committed 2816K, reserved 1048576K
}
Event: 1.487 GC heap before
{Heap before GC invocations=4 (full 1):
 PSYoungGen      total 75264K, used 9366K [0x000000076ca00000, 0x0000000775d00000, 0x00000007c0000000)
  eden space 64512K, 0% used [0x000000076ca00000,0x000000076ca00000,0x0000000770900000)
  from space 10752K, 87% used [0x0000000770900000,0x0000000771225a68,0x0000000771380000)
  to   space 10752K, 0% used [0x0000000775280000,0x0000000775280000,0x0000000775d00000)
 ParOldGen       total 172032K, used 40K [0x00000006c5e00000, 0x00000006d0600000, 0x000000076ca00000)
  object space 172032K, 0% used [0x00000006c5e00000,0x00000006c5e0a000,0x00000006d0600000)
 Metaspace       used 20494K, capacity 21106K, committed 21248K, reserved 1067008K
  class space    used 2553K, capacity 2724K, committed 2816K, reserved 1048576K
Event: 1.511 GC heap after
Heap after GC invocations=4 (full 1):
 PSYoungGen      total 75264K, used 0K [0x000000076ca00000, 0x0000000775d00000, 0x00000007c0000000)
  eden space 64512K, 0% used [0x000000076ca00000,0x000000076ca00000,0x0000000770900000)
  from space 10752K, 0% used [0x0000000770900000,0x0000000770900000,0x0000000771380000)
  to   space 10752K, 0% used [0x0000000775280000,0x0000000775280000,0x0000000775d00000)
 ParOldGen       total 112128K, used 9019K [0x00000006c5e00000, 0x00000006ccb80000, 0x000000076ca00000)
  object space 112128K, 8% used [0x00000006c5e00000,0x00000006c66cec58,0x00000006ccb80000)
 Metaspace       used 20494K, capacity 21106K, committed 21248K, reserved 1067008K
  class space    used 2553K, capacity 2724K, committed 2816K, reserved 1048576K
}
Event: 2.025 GC heap before
{Heap before GC invocations=5 (full 1):
 PSYoungGen      total 75264K, used 64512K [0x000000076ca00000, 0x0000000775d00000, 0x00000007c0000000)
  eden space 64512K, 100% used [0x000000076ca00000,0x0000000770900000,0x0000000770900000)
  from space 10752K, 0% used [0x0000000770900000,0x0000000770900000,0x0000000771380000)
  to   space 10752K, 0% used [0x0000000775280000,0x0000000775280000,0x0000000775d00000)
 ParOldGen       total 112128K, used 9019K [0x00000006c5e00000, 0x00000006ccb80000, 0x000000076ca00000)
  object space 112128K, 8% used [0x00000006c5e00000,0x00000006c66cec58,0x00000006ccb80000)
 Metaspace       used 21920K, capacity 22758K, committed 22912K, reserved 1069056K
  class space    used 2632K, capacity 2840K, committed 2944K, reserved 1048576K
Event: 2.027 GC heap after
Heap after GC invocations=5 (full 1):
 PSYoungGen      total 93696K, used 4673K [0x000000076ca00000, 0x0000000775780000, 0x00000007c0000000)
  eden space 88576K, 0% used [0x000000076ca00000,0x000000076ca00000,0x0000000772080000)
  from space 5120K, 91% used [0x0000000775280000,0x0000000775710470,0x0000000775780000)
  to   space 10752K, 0% used [0x0000000774280000,0x0000000774280000,0x0000000774d00000)
 ParOldGen       total 112128K, used 9027K [0x00000006c5e00000, 0x00000006ccb80000, 0x000000076ca00000)
  object space 112128K, 8% used [0x00000006c5e00000,0x00000006c66d0c58,0x00000006ccb80000)
 Metaspace       used 21920K, capacity 22758K, committed 22912K, reserved 1069056K
  class space    used 2632K, capacity 2840K, committed 2944K, reserved 1048576K
}

