# JRE version: Java(TM) SE Runtime Environment (8.0_202-b08) (build 1.8.0_202-b08)
# Java VM: Java HotSpot(TM) 64-Bit Server VM (25.202-b08 mixed mode windows-amd64 compressed oops)
Heap:
 PSYoungGen      total 142848K, used 51601K [0x000000076ca00000, 0x000000077a400000, 0x00000007c0000000)
  eden space 125440K, 27% used [0x000000076ca00000,0x000000076eb83998,0x0000000774480000)
  from space 17408K, 99% used [0x0000000774480000,0x0000000775560ce0,0x0000000775580000)
  to   space 19968K, 0% used [0x0000000779080000,0x0000000779080000,0x000000077a400000)
 ParOldGen       total 112640K, used 48561K [0x00000006c5e00000, 0x00000006ccc00000, 0x000000076ca00000)
  object space 112640K, 43% used [0x00000006c5e00000,0x00000006c8d6c5a0,0x00000006ccc00000)
 Metaspace       used 31972K, capacity 33176K, committed 33280K, reserved 1079296K
  class space    used 3788K, capacity 4067K, committed 4096K, reserved 1048576K
GC Heap History (10 events):
Event: 1.176 GC heap before
{Heap before GC invocations=4 (full 1):
 PSYoungGen      total 75264K, used 9334K [0x000000076ca00000, 0x0000000775d00000, 0x00000007c0000000)
  eden space 64512K, 0% used [0x000000076ca00000,0x000000076ca00000,0x0000000770900000)
  from space 10752K, 86% used [0x0000000770900000,0x000000077121db00,0x0000000771380000)
  to   space 10752K, 0% used [0x0000000775280000,0x0000000775280000,0x0000000775d00000)
 ParOldGen       total 172032K, used 48K [0x00000006c5e00000, 0x00000006d0600000, 0x000000076ca00000)
  object space 172032K, 0% used [0x00000006c5e00000,0x00000006c5e0c000,0x00000006d0600000)
 Metaspace       used 20495K, capacity 21106K, committed 21248K, reserved 1067008K
  class space    used 2552K, capacity 2724K, committed 2816K, reserved 1048576K
Event: 1.196 GC heap after
Heap after GC invocations=4 (full 1):
 PSYoungGen      total 75264K, used 0K [0x000000076ca00000, 0x0000000775d00000, 0x00000007c0000000)
  eden space 64512K, 0% used [0x000000076ca00000,0x000000076ca00000,0x0000000770900000)
  from space 10752K, 0% used [0x0000000770900000,0x0000000770900000,0x0000000771380000)
  to   space 10752K, 0% used [0x0000000775280000,0x0000000775280000,0x0000000775d00000)
 ParOldGen       total 112640K, used 8975K [0x00000006c5e00000, 0x00000006ccc00000, 0x000000076ca00000)
  object space 112640K, 7% used [0x00000006c5e00000,0x00000006c66c3e30,0x00000006ccc00000)
 Metaspace       used 20495K, capacity 21106K, committed 21248K, reserved 1067008K
  class space    used 2552K, capacity 2724K, committed 2816K, reserved 1048576K
}
Event: 1.561 GC heap before
{Heap before GC invocations=5 (full 1):
 PSYoungGen      total 75264K, used 64512K [0x000000076ca00000, 0x0000000775d00000, 0x00000007c0000000)
  eden space 64512K, 100% used [0x000000076ca00000,0x0000000770900000,0x0000000770900000)
  from space 10752K, 0% used [0x0000000770900000,0x0000000770900000,0x0000000771380000)
  to   space 10752K, 0% used [0x0000000775280000,0x0000000775280000,0x0000000775d00000)
 ParOldGen       total 112640K, used 8975K [0x00000006c5e00000, 0x00000006ccc00000, 0x000000076ca00000)
  object space 112640K, 7% used [0x00000006c5e00000,0x00000006c66c3e30,0x00000006ccc00000)
 Metaspace       used 21918K, capacity 22758K, committed 22912K, reserved 1069056K
  class space    used 2631K, capacity 2840K, committed 2944K, reserved 1048576K
Event: 1.563 GC heap after
Heap after GC invocations=5 (full 1):
 PSYoungGen      total 93184K, used 4805K [0x000000076ca00000, 0x0000000775780000, 0x00000007c0000000)
  eden space 88064K, 0% used [0x000000076ca00000,0x000000076ca00000,0x0000000772000000)
  from space 5120K, 93% used [0x0000000775280000,0x00000007757314f0,0x0000000775780000)
  to   space 10752K, 0% used [0x0000000774280000,0x0000000774280000,0x0000000774d00000)
 ParOldGen       total 112640K, used 8983K [0x00000006c5e00000, 0x00000006ccc00000, 0x000000076ca00000)
  object space 112640K, 7% used [0x00000006c5e00000,0x00000006c66c5e30,0x00000006ccc00000)
 Metaspace       used 21918K, capacity 22758K, committed 22912K, reserved 1069056K
  class space    used 2631K, capacity 2840K, committed 2944K, reserved 1048576K
}
Event: 1.870 GC heap before
{Heap before GC invocations=6 (full 1):
 PSYoungGen      total 93184K, used 86659K [0x000000076ca00000, 0x0000000775780000, 0x00000007c0000000)
  eden space 88064K, 92% used [0x000000076ca00000,0x00000007719ef7a8,0x0000000772000000)
  from space 5120K, 93% used [0x0000000775280000,0x00000007757314f0,0x0000000775780000)
  to   space 10752K, 0% used [0x0000000774280000,0x0000000774280000,0x0000000774d00000)
 ParOldGen       total 112640K, used 8983K [0x00000006c5e00000, 0x00000006ccc00000, 0x000000076ca00000)
  object space 112640K, 7% used [0x00000006c5e00000,0x00000006c66c5e30,0x00000006ccc00000)
 Metaspace       used 25157K, capacity 26214K, committed 26368K, reserved 1073152K
  class space    used 3000K, capacity 3232K, committed 3328K, reserved 1048576K
Event: 1.882 GC heap after
Heap after GC invocations=6 (full 1):
 PSYoungGen      total 134144K, used 8030K [0x000000076ca00000, 0x0000000776080000, 0x00000007c0000000)
  eden space 123392K, 0% used [0x000000076ca00000,0x000000076ca00000,0x0000000774280000)
  from space 10752K, 74% used [0x0000000774280000,0x0000000774a57810,0x0000000774d00000)
  to   space 11264K, 0% used [0x0000000775580000,0x0000000775580000,0x0000000776080000)
 ParOldGen       total 112640K, used 39711K [0x00000006c5e00000, 0x00000006ccc00000, 0x000000076ca00000)
  object space 112640K, 35% used [0x00000006c5e00000,0x00000006c84c7e60,0x00000006ccc00000)
 Metaspace       used 25157K, capacity 26214K, committed 26368K, reserved 1073152K
  class space    used 3000K, capacity 3232K, committed 3328K, reserved 1048576K
}
Event: 2.275 GC heap before
{Heap before GC invocations=7 (full 1):
 PSYoungGen      total 134144K, used 131422K [0x000000076ca00000, 0x0000000776080000, 0x00000007c0000000)
  eden space 123392K, 100% used [0x000000076ca00000,0x0000000774280000,0x0000000774280000)
  from space 10752K, 74% used [0x0000000774280000,0x0000000774a57810,0x0000000774d00000)
  to   space 11264K, 0% used [0x0000000775580000,0x0000000775580000,0x0000000776080000)
 ParOldGen       total 112640K, used 39711K [0x00000006c5e00000, 0x00000006ccc00000, 0x000000076ca00000)
  object space 112640K, 35% used [0x00000006c5e00000,0x00000006c84c7e60,0x00000006ccc00000)
 Metaspace       used 29651K, capacity 30746K, committed 31104K, reserved 1077248K
  class space    used 3553K, capacity 3848K, committed 3968K, reserved 1048576K
Event: 2.282 GC heap after
Heap after GC invocations=7 (full 1):
 PSYoungGen      total 136704K, used 11253K [0x000000076ca00000, 0x000000077a100000, 0x00000007c0000000)
  eden space 125440K, 0% used [0x000000076ca00000,0x000000076ca00000,0x0000000774480000)
  from space 11264K, 99% used [0x0000000775580000,0x000000077607d538,0x0000000776080000)
  to   space 17408K, 0% used [0x0000000774480000,0x0000000774480000,0x0000000775580000)
 ParOldGen       total 112640K, used 48553K [0x00000006c5e00000, 0x00000006ccc00000, 0x000000076ca00000)
  object space 112640K, 43% used [0x00000006c5e00000,0x00000006c8d6a5a0,0x00000006ccc00000)
 Metaspace       used 29651K, capacity 30746K, committed 31104K, reserved 1077248K
  class space    used 3553K, capacity 3848K, committed 3968K, reserved 1048576K
}
Event: 3.000 GC heap before
{Heap before GC invocations=8 (full 1):
 PSYoungGen      total 136704K, used 136693K [0x000000076ca00000, 0x000000077a100000, 0x00000007c0000000)
  eden space 125440K, 100% used [0x000000076ca00000,0x0000000774480000,0x0000000774480000)
  from space 11264K, 99% used [0x0000000775580000,0x000000077607d538,0x0000000776080000)
  to   space 17408K, 0% used [0x0000000774480000,0x0000000774480000,0x0000000775580000)
 ParOldGen       total 112640K, used 48553K [0x00000006c5e00000, 0x00000006ccc00000, 0x000000076ca00000)
  object space 112640K, 43% used [0x00000006c5e00000,0x00000006c8d6a5a0,0x00000006ccc00000)
 Metaspace       used 31728K, capacity 32912K, committed 33024K, reserved 1079296K
  class space    used 3756K, capacity 4055K, committed 4096K, reserved 1048576K
Event: 3.006 GC heap after
Heap after GC invocations=8 (full 1):
 PSYoungGen      total 142848K, used 17283K [0x000000076ca00000, 0x000000077a400000, 0x00000007c0000000)
  eden space 125440K, 0% used [0x000000076ca00000,0x000000076ca00000,0x0000000774480000)
  from space 17408K, 99% used [0x0000000774480000,0x0000000775560ce0,0x0000000775580000)
  to   space 19968K, 0% used [0x0000000779080000,0x0000000779080000,0x000000077a400000)
 ParOldGen       total 112640K, used 48561K [0x00000006c5e00000, 0x00000006ccc00000, 0x000000076ca00000)
  object space 112640K, 43% used [0x00000006c5e00000,0x00000006c8d6c5a0,0x00000006ccc00000)
 Metaspace       used 31728K, capacity 32912K, committed 33024K, reserved 1079296K
  class space    used 3756K, capacity 4055K, committed 4096K, reserved 1048576K
}

